<?xml version="1.0" encoding="UTF-8"?>
<!-- Generated by org.testng.reporters.JUnitReportReporter -->
<testsuite hostname="DESKTOP-VR5R5S7" name="abc.DependencyTest" tests="2" failures="0" timestamp="29 Jun 2016 12:36:05 GMT" time="0.012" errors="0">
  <testcase name="meth1" time="0.010" classname="abc.DependencyTest"/>
  <testcase name="meth2" time="0.002" classname="abc.DependencyTest"/>
</testsuite> <!-- abc.DependencyTest -->
