<?xml version="1.0" encoding="UTF-8"?>
<!-- Generated by org.testng.reporters.JUnitReportReporter -->
<testsuite hostname="DESKTOP-VR5R5S7" name="abc.GroupTest2" tests="3" failures="0" timestamp="29 Jun 2016 12:34:46 GMT" time="0.008" errors="0">
  <testcase name="meth2" time="0.003" classname="abc.GroupTest2"/>
  <testcase name="meth3" time="0.002" classname="abc.GroupTest2"/>
  <testcase name="meth1" time="0.003" classname="abc.GroupTest2"/>
</testsuite> <!-- abc.GroupTest2 -->
