<?xml version="1.0" encoding="UTF-8"?>
<!-- Generated by org.testng.reporters.JUnitReportReporter -->
<testsuite hostname="DESKTOP-VR5R5S7" name="abc.PriorityTest" tests="4" failures="0" timestamp="29 Jun 2016 12:35:17 GMT" time="0.014" errors="0">
  <testcase name="meth3" time="0.002" classname="abc.PriorityTest"/>
  <testcase name="meth4" time="0.009" classname="abc.PriorityTest"/>
  <testcase name="meth2" time="0.002" classname="abc.PriorityTest"/>
  <testcase name="meth1" time="0.001" classname="abc.PriorityTest"/>
</testsuite> <!-- abc.PriorityTest -->
