<?xml version="1.0" encoding="UTF-8"?>
<!-- Generated by org.testng.reporters.JUnitReportReporter -->
<testsuite hostname="DESKTOP-VR5R5S7" name="abc.CustomReports" tests="2" failures="0" timestamp="10 Jul 2016 08:08:32 GMT" time="10.174" errors="0">
  <testcase name="testLogin" time="7.644" classname="abc.CustomReports"/>
  <testcase name="testHome" time="2.530" classname="abc.CustomReports"/>
</testsuite> <!-- abc.CustomReports -->
